0 info it worked if it ends with ok
1 verbose cli [ 'C:\\Program Files\\nodejs\\node.exe',
1 verbose cli   'C:\\Users\\Milka\\AppData\\Roaming\\npm\\node_modules\\npm\\bin\\npm-cli.js',
1 verbose cli   'start' ]
2 info using npm@6.3.0
3 info using node@v8.9.1
4 verbose run-script [ 'prestart', 'start', 'poststart' ]
5 info lifecycle my_web@0.1.0~prestart: my_web@0.1.0
6 info lifecycle my_web@0.1.0~start: my_web@0.1.0
7 verbose lifecycle my_web@0.1.0~start: unsafe-perm in lifecycle true
8 verbose lifecycle my_web@0.1.0~start: PATH: C:\Users\Milka\AppData\Roaming\npm\node_modules\npm\node_modules\npm-lifecycle\node-gyp-bin;C:\Users\Milka\Documents\2018\my_web\node_modules\.bin;C:\Scripts\;C:\;C:\Users\Milka\AppData\Roaming\npm\node_modules\vue-cli\bin;C:\Users\Milka\Desktop\Lyndor-master\webdriver;%aria2c_home%;%APPDATA%\npm;C:\apache-maven-3.5.2\bin;C:\ProgramData\chocolatey\bin;;C:\Program Files\Microsoft VS Code\bin;C:\Users\Milka\AppData\Local\Programs\Python\Python36\Scripts\;C:\Users\Milka\AppData\Local\Programs\Python\Python36;C:\Program Files\nodejs;C:\Users\Milka\AppData\Roaming\npm\node_modules\vue-cli\bin;C:\Users\Milka\Desktop\Lyndor-master\aria2c;C:\Users\Milka\AppData\Roaming\npm;C:\Program Files\Microsoft VS Code\bin; C:\Users\Milka\AppData\Local\Programs\Python\Python36\Scripts;C:\Program Files\PostgreSQL\9.5\bin;C:\Program Files\PostgreSQL\9.5\lib;C:\Program Files\heroku\bin
9 verbose lifecycle my_web@0.1.0~start: CWD: C:\Users\Milka\Documents\2018\my_web
10 silly lifecycle my_web@0.1.0~start: Args: [ '/d /s /c',
10 silly lifecycle   'GRAPHQL_ENDPOINT=https://api.graph.cool/relay/v1/cjnbr5hqw1aqp0156o4yd5jvcnode scripts/start.js' ]
11 silly lifecycle my_web@0.1.0~start: Returned: code: 1  signal: null
12 info lifecycle my_web@0.1.0~start: Failed to exec start script
13 verbose stack Error: my_web@0.1.0 start: `GRAPHQL_ENDPOINT=https://api.graph.cool/relay/v1/cjnbr5hqw1aqp0156o4yd5jvcnode scripts/start.js`
13 verbose stack Exit status 1
13 verbose stack     at EventEmitter.<anonymous> (C:\Users\Milka\AppData\Roaming\npm\node_modules\npm\node_modules\npm-lifecycle\index.js:304:16)
13 verbose stack     at emitTwo (events.js:126:13)
13 verbose stack     at EventEmitter.emit (events.js:214:7)
13 verbose stack     at ChildProcess.<anonymous> (C:\Users\Milka\AppData\Roaming\npm\node_modules\npm\node_modules\npm-lifecycle\lib\spawn.js:55:14)
13 verbose stack     at emitTwo (events.js:126:13)
13 verbose stack     at ChildProcess.emit (events.js:214:7)
13 verbose stack     at maybeClose (internal/child_process.js:925:16)
13 verbose stack     at Process.ChildProcess._handle.onexit (internal/child_process.js:209:5)
14 verbose pkgid my_web@0.1.0
15 verbose cwd C:\Users\Milka\Documents\2018\my_web
16 verbose Windows_NT 6.1.7601
17 verbose argv "C:\\Program Files\\nodejs\\node.exe" "C:\\Users\\Milka\\AppData\\Roaming\\npm\\node_modules\\npm\\bin\\npm-cli.js" "start"
18 verbose node v8.9.1
19 verbose npm  v6.3.0
20 error code ELIFECYCLE
21 error errno 1
22 error my_web@0.1.0 start: `GRAPHQL_ENDPOINT=https://api.graph.cool/relay/v1/cjnbr5hqw1aqp0156o4yd5jvcnode scripts/start.js`
22 error Exit status 1
23 error Failed at the my_web@0.1.0 start script.
23 error This is probably not a problem with npm. There is likely additional logging output above.
24 verbose exit [ 1, true ]
